c:\unrealproject\fifthr6\server\fifthr6server\iocpserver\x64\release\vc142.pdb
c:\unrealproject\fifthr6\server\fifthr6server\iocpserver\x64\release\mainiocp.obj
c:\unrealproject\fifthr6\server\fifthr6server\iocpserver\x64\release\iocpbase.obj
c:\unrealproject\fifthr6\server\fifthr6server\iocpserver\x64\release\iocp-server.pch
c:\unrealproject\fifthr6\server\fifthr6server\iocpserver\x64\release\stdafx.obj
c:\unrealproject\fifthr6\server\fifthr6server\iocpserver\x64\release\monster.obj
c:\unrealproject\fifthr6\server\fifthr6server\iocpserver\x64\release\main.obj
c:\unrealproject\fifthr6\server\fifthr6server\iocpserver\x64\release\dbconnector.obj
c:\unrealproject\fifthr6\server\fifthr6server\iocpserver\x64\release\iocp-server.ipdb
c:\unrealproject\fifthr6\server\fifthr6server\iocpserver\x64\release\iocp-server.iobj
c:\unrealproject\fifthr6\server\fifthr6server\iocpserver\x64\release\packetdll.exp
c:\unrealproject\fifthr6\server\fifthr6server\iocpserver\x64\release\iocp-server.pdb
c:\unrealproject\fifthr6\server\fifthr6server\iocpserver\x64\release\packetdll.pdb
c:\unrealproject\fifthr6\server\fifthr6server\iocpserver\x64\release\iocp-server.tlog\cl.command.1.tlog
c:\unrealproject\fifthr6\server\fifthr6server\iocpserver\x64\release\iocp-server.tlog\cl.read.1.tlog
c:\unrealproject\fifthr6\server\fifthr6server\iocpserver\x64\release\iocp-server.tlog\cl.write.1.tlog
c:\unrealproject\fifthr6\server\fifthr6server\iocpserver\x64\release\iocp-server.tlog\iocp-server.write.1u.tlog
c:\unrealproject\fifthr6\server\fifthr6server\iocpserver\x64\release\iocp-server.tlog\link.command.1.tlog
c:\unrealproject\fifthr6\server\fifthr6server\iocpserver\x64\release\iocp-server.tlog\link.read.1.tlog
c:\unrealproject\fifthr6\server\fifthr6server\iocpserver\x64\release\iocp-server.tlog\link.write.1.tlog
